2021-01-09 08:43:56.9079||INFO|Microsoft.AspNetCore.Hosting.Internal.WebHost|Request starting HTTP/1.1 GET http://localhost:9000/customers   
2021-01-09 08:43:57.2122||INFO|Ocelot.RateLimit.Middleware.ClientRateLimitMiddleware|requestId: 0HM5K6UIP4KKU:00000001, previousRequestId: no previous request id, message: EndpointRateLimiting is not enabled for /api/values 
2021-01-09 08:43:57.2390||INFO|Ocelot.Authentication.Middleware.AuthenticationMiddleware|requestId: 0HM5K6UIP4KKU:00000001, previousRequestId: no previous request id, message: No authentication needed for /customers 
2021-01-09 08:43:57.2595||INFO|Ocelot.Authorisation.Middleware.AuthorisationMiddleware|requestId: 0HM5K6UIP4KKU:00000001, previousRequestId: no previous request id, message: /api/values route does not require user to be authorised 
2021-01-09 08:43:58.1825||INFO|Microsoft.AspNetCore.Hosting.Internal.WebHost|Request finished in 1291.9788ms 200 application/json; charset=utf-8 
2021-01-09 08:43:58.5788||INFO|Microsoft.AspNetCore.Hosting.Internal.WebHost|Request starting HTTP/1.1 GET http://localhost:9000/favicon.ico   
2021-01-09 08:43:58.5861||WARN|Ocelot.DownstreamRouteFinder.Middleware.DownstreamRouteFinderMiddleware|requestId: 0HM5K6UIP4KKU:00000002, previousRequestId: no previous request id, message: DownstreamRouteFinderMiddleware setting pipeline errors. IDownstreamRouteFinder returned Error Code: UnableToFindDownstreamRouteError Message: Unable to find downstream route for path: /favicon.ico, verb: GET 
2021-01-09 08:43:58.5861||WARN|Ocelot.DownstreamRouteFinder.Middleware.DownstreamRouteFinderMiddleware|requestId: 0HM5K6UIP4KKU:00000002, previousRequestId: no previous request id, message: Unable to find downstream route for path: /favicon.ico, verb: GET 
2021-01-09 08:43:58.5861||WARN|Ocelot.Responder.Middleware.ResponderMiddleware|requestId: 0HM5K6UIP4KKU:00000002, previousRequestId: no previous request id, message: Error Code: UnableToFindDownstreamRouteError Message: Unable to find downstream route for path: /favicon.ico, verb: GET errors found in ResponderMiddleware. Setting error response for request path:/favicon.ico, request method: GET 
2021-01-09 08:43:58.6053||INFO|Microsoft.AspNetCore.Hosting.Internal.WebHost|Request finished in 26.9483ms 404  
2021-01-09 08:58:59.9848||INFO|Microsoft.AspNetCore.Hosting.Internal.WebHost|Request starting HTTP/1.1 GET http://localhost:9000/customers   
2021-01-09 08:58:59.9848||INFO|Ocelot.RateLimit.Middleware.ClientRateLimitMiddleware|requestId: 0HM5K6UIP4KL1:00000001, previousRequestId: no previous request id, message: EndpointRateLimiting is not enabled for /api/values 
2021-01-09 08:58:59.9966||INFO|Ocelot.Authentication.Middleware.AuthenticationMiddleware|requestId: 0HM5K6UIP4KL1:00000001, previousRequestId: no previous request id, message: No authentication needed for /customers 
2021-01-09 08:58:59.9966||INFO|Ocelot.Authorisation.Middleware.AuthorisationMiddleware|requestId: 0HM5K6UIP4KL1:00000001, previousRequestId: no previous request id, message: /api/values route does not require user to be authorised 
2021-01-09 08:59:00.0262||INFO|Microsoft.AspNetCore.Hosting.Internal.WebHost|Request finished in 41.424ms 200 application/json; charset=utf-8 
2021-01-09 08:59:20.4200||INFO|Microsoft.AspNetCore.Hosting.Internal.WebHost|Request starting HTTP/1.1 GET http://localhost:9000/customers/123   
2021-01-09 08:59:20.4285||INFO|Ocelot.RateLimit.Middleware.ClientRateLimitMiddleware|requestId: 0HM5K6UIP4KL1:00000002, previousRequestId: no previous request id, message: EndpointRateLimiting is not enabled for /api/values/{id} 
2021-01-09 08:59:20.4285||INFO|Ocelot.Authentication.Middleware.AuthenticationMiddleware|requestId: 0HM5K6UIP4KL1:00000002, previousRequestId: no previous request id, message: No authentication needed for /customers/123 
2021-01-09 08:59:20.4285||INFO|Ocelot.Authorisation.Middleware.AuthorisationMiddleware|requestId: 0HM5K6UIP4KL1:00000002, previousRequestId: no previous request id, message: /api/values/{id} route does not require user to be authorised 
2021-01-09 08:59:20.4599||INFO|Microsoft.AspNetCore.Hosting.Internal.WebHost|Request finished in 39.9194ms 200 text/plain; charset=utf-8 
